<?xml version="1.0" encoding="UTF-8"?>
<!-- Generated by org.testng.reporters.JUnitXMLReporter -->
<testsuite hostname="DESKTOP-JG6BOSJ" ignored="0" name="Test-AndroidPad" tests="1" failures="0" timestamp="08 Nov 2018 03:37:32 GMT" time="68.509" errors="0">
  <testcase name="feature" time="10.914" classname="vn.teko.appium.cucumber.test.runners.login.RunLoginFeature"/>
</testsuite> <!-- Test-AndroidPad -->
