<?xml version="1.0" encoding="UTF-8"?>
<!-- Generated by org.testng.reporters.JUnitXMLReporter -->
<testsuite hostname="DESKTOP-JG6BOSJ" ignored="0" name="Test-SamsungJ3" tests="1" failures="0" timestamp="29 Oct 2018 07:54:41 GMT" time="51.691" errors="0">
  <testcase name="feature" time="32.232" classname="vn.teko.appium.cucumber.test.runners.signup.RunSignupFeature"/>
</testsuite> <!-- Test-SamsungJ3 -->
