<?xml version="1.0" encoding="UTF-8"?>
<!-- Generated by org.testng.reporters.JUnitXMLReporter -->
<testsuite hostname="DESKTOP-JG6BOSJ" ignored="0" name="Test-AndroidPad" tests="1" failures="0" timestamp="29 Oct 2018 07:55:26 GMT" time="96.577" errors="0">
  <testcase name="feature" time="11.83" classname="vn.teko.appium.cucumber.test.runners.login.RunLoginFeature"/>
</testsuite> <!-- Test-AndroidPad -->
