<?xml version="1.0" encoding="UTF-8"?>
<!-- Generated by org.testng.reporters.JUnitXMLReporter -->
<testsuite hostname="DESKTOP-JG6BOSJ" ignored="0" name="Test-AndroidPad" tests="1" failures="0" timestamp="25 Oct 2018 01:59:41 GMT" time="46.008" errors="0">
  <testcase name="feature" time="10.619" classname="vn.teko.appium.cucumber.test.runners.RunLoginFeature"/>
</testsuite> <!-- Test-AndroidPad -->
