<?xml version="1.0" encoding="UTF-8"?>
<!-- Generated by org.testng.reporters.JUnitXMLReporter -->
<testsuite hostname="DESKTOP-JG6BOSJ" ignored="0" name="Test-SamsungJ3" tests="1" failures="0" timestamp="25 Oct 2018 01:59:42 GMT" time="47.072" errors="0">
  <testcase name="feature" time="33.234" classname="vn.teko.appium.cucumber.test.runners.RunSignupFeature"/>
</testsuite> <!-- Test-SamsungJ3 -->
