<?xml version="1.0" encoding="UTF-8"?>
<!-- Generated by org.testng.reporters.JUnitReportReporter -->
<testsuite skipped="0" hostname="DESKTOP-JG6BOSJ" name="vn.teko.appium.cucumber.test.runners.RunLoginFeature" tests="1" failures="0" timestamp="25 Oct 2018 03:25:15 GMT" time="84.249" errors="0">
  <testcase name="feature" time="84.249" classname="vn.teko.appium.cucumber.test.runners.RunLoginFeature"/>
</testsuite> <!-- vn.teko.appium.cucumber.test.runners.RunLoginFeature -->
