<?xml version="1.0" encoding="UTF-8"?>
<!-- Generated by org.testng.reporters.JUnitReportReporter -->
<testsuite skipped="0" hostname="DESKTOP-JG6BOSJ" name="vn.teko.appium.cucumber.test.runners.RunCucumberFeatures" tests="4" failures="0" timestamp="25 Oct 2018 01:53:09 GMT" time="201.072" errors="0">
  <testcase name="feature" time="61.521" classname="vn.teko.appium.cucumber.test.runners.RunCucumberFeatures"/>
  <testcase name="feature" time="59.371" classname="vn.teko.appium.cucumber.test.runners.RunCucumberFeatures"/>
  <testcase name="feature" time="34.660" classname="vn.teko.appium.cucumber.test.runners.RunCucumberFeatures"/>
  <testcase name="feature" time="45.520" classname="vn.teko.appium.cucumber.test.runners.RunCucumberFeatures"/>
</testsuite> <!-- vn.teko.appium.cucumber.test.runners.RunCucumberFeatures -->
