<?xml version="1.0" encoding="UTF-8"?>
<!-- Generated by org.testng.reporters.JUnitReportReporter -->
<testsuite skipped="0" hostname="DESKTOP-JG6BOSJ" name="vn.teko.appium.cucumber.test.runners.RunAllFeatures" tests="4" failures="0" timestamp="07 Nov 2018 10:38:53 GMT" time="155.535" errors="0">
  <testcase name="feature" time="50.565" classname="vn.teko.appium.cucumber.test.runners.RunAllFeatures"/>
  <testcase name="feature" time="35.150" classname="vn.teko.appium.cucumber.test.runners.RunAllFeatures"/>
  <testcase name="feature" time="25.238" classname="vn.teko.appium.cucumber.test.runners.RunAllFeatures"/>
  <testcase name="feature" time="44.582" classname="vn.teko.appium.cucumber.test.runners.RunAllFeatures"/>
</testsuite> <!-- vn.teko.appium.cucumber.test.runners.RunAllFeatures -->
