<?xml version="1.0" encoding="UTF-8"?>
<!-- Generated by org.testng.reporters.JUnitReportReporter -->
<testsuite skipped="0" hostname="DESKTOP-JG6BOSJ" name="vn.teko.appium.cucumber.test.runners.login.RunLoginFeature" tests="1" failures="0" timestamp="29 Oct 2018 07:55:26 GMT" time="96.205" errors="0">
  <testcase name="feature" time="96.205" classname="vn.teko.appium.cucumber.test.runners.login.RunLoginFeature"/>
</testsuite> <!-- vn.teko.appium.cucumber.test.runners.login.RunLoginFeature -->
