<?xml version="1.0" encoding="UTF-8"?>
<!-- Generated by org.testng.reporters.JUnitReportReporter -->
<testsuite skipped="0" hostname="DESKTOP-JG6BOSJ" name="vn.teko.appium.cucumber.test.runners.signup.RunSignupFeature" tests="1" failures="0" timestamp="29 Oct 2018 07:55:26 GMT" time="51.298" errors="0">
  <testcase name="feature" time="51.298" classname="vn.teko.appium.cucumber.test.runners.signup.RunSignupFeature"/>
</testsuite> <!-- vn.teko.appium.cucumber.test.runners.signup.RunSignupFeature -->
