<?xml version="1.0" encoding="UTF-8"?>
<!-- Generated by org.testng.reporters.JUnitReportReporter -->
<testsuite skipped="0" hostname="DESKTOP-JG6BOSJ" name="vn.teko.appium.cucumber.test.runners.login.RunLoginFeature" tests="1" failures="0" timestamp="08 Nov 2018 03:37:32 GMT" time="68.178" errors="0">
  <testcase name="feature" time="68.178" classname="vn.teko.appium.cucumber.test.runners.login.RunLoginFeature"/>
</testsuite> <!-- vn.teko.appium.cucumber.test.runners.login.RunLoginFeature -->
