<?xml version="1.0" encoding="UTF-8"?>
<!-- Generated by org.testng.reporters.JUnitReportReporter -->
<testsuite skipped="2" hostname="DESKTOP-JG6BOSJ" name="tests.cucumber.tests.RunCucumberFeatures" tests="2" failures="0" timestamp="24 Oct 2018 10:53:48 GMT" time="0.000" errors="0">
  <testcase name="feature" time="0.000" classname="tests.cucumber.tests.RunCucumberFeatures">
    <skipped/>
  </testcase> <!-- feature -->
  <testcase name="feature" time="0.000" classname="tests.cucumber.tests.RunCucumberFeatures">
    <skipped/>
  </testcase> <!-- feature -->
</testsuite> <!-- tests.cucumber.tests.RunCucumberFeatures -->
