<?xml version="1.0" encoding="UTF-8"?>
<!-- Generated by org.testng.reporters.JUnitReportReporter -->
<testsuite skipped="0" hostname="DESKTOP-JG6BOSJ" name="vn.teko.appium.cucumber.test.runners.RunSignupFeature" tests="1" failures="0" timestamp="25 Oct 2018 03:25:15 GMT" time="54.013" errors="0">
  <testcase name="feature" time="54.013" classname="vn.teko.appium.cucumber.test.runners.RunSignupFeature"/>
</testsuite> <!-- vn.teko.appium.cucumber.test.runners.RunSignupFeature -->
