<?xml version="1.0" encoding="UTF-8"?>
<!-- Generated by org.testng.reporters.JUnitReportReporter -->
<testsuite skipped="0" hostname="IT-ONURB" name="tests.cucumber.runner.RunCukesTest" tests="1" failures="0" timestamp="09 Feb 2018 12:19:57 GMT" time="0.088" errors="0">
  <testcase name="feature" time="0.088" classname="tests.cucumber.runner.RunCukesTest"/>
</testsuite> <!-- tests.cucumber.runner.RunCukesTest -->
